2026-05-29 23:53:14,557 INFO MainThread ok:ok-script init 1.0.3, ['E:\\projects\\ok-script\\ok\\gui\\util\\pyappify_startup.py'], pid=47988 config: {'debug': True, 'use_gui': True, 'gui_title': 'pyappify startup update demo', 'gui_icon': ':/icon/icon.ico', 'version': '1.0.3', 'window_size': {'width': 1000, 'height': 800, 'min_width': 600, 'min_height': 450}, 'onetime_tasks': [], 'trigger_tasks': [], 'config_folder': 'configs'}
2026-05-29 23:53:14,558 INFO MainThread ok:pyappify  app_version:1.0.3, app_profile:None, pyappify_version:None pyappify_upgradeable:False, pyappify_executable:None
2026-05-29 23:53:14,559 DEBUG MainThread Config:reset_to_default self.config = {'Auto Start Game When App Starts': False, 'Minimize Window to System Tray when Closing': False, 'Mute Game while in Background': False, 'Auto Resize Game Window': True, 'Exit App when Game Exits': False, 'Use DirectML': 'Yes', 'Trigger Interval': 1, 'Start/Stop': 'F9', 'Kill Launcher after Start': False, 'Launch with DX11': False}
2026-05-29 23:53:14,559 DEBUG MainThread Config:init self.config = {'Auto Start Game When App Starts': False, 'Minimize Window to System Tray when Closing': False, 'Mute Game while in Background': False, 'Auto Resize Game Window': True, 'Exit App when Game Exits': False, 'Use DirectML': 'Yes', 'Trigger Interval': 1, 'Start/Stop': 'F9', 'Kill Launcher after Start': False, 'Launch with DX11': False}
2026-05-29 23:53:14,559 INFO MainThread ok:use_dml result is True
2026-05-29 23:53:14,560 INFO MainThread ok:SetProcessDpiAwareness 0
2026-05-29 23:53:14,560 INFO MainThread ok:do_init, config: {'debug': True, 'use_gui': True, 'gui_title': 'pyappify startup update demo', 'gui_icon': ':/icon/icon.ico', 'version': '1.0.3', 'window_size': {'width': 1000, 'height': 800, 'min_width': 600, 'min_height': 450}, 'onetime_tasks': [], 'trigger_tasks': [], 'config_folder': 'configs'}
2026-05-29 23:53:14,560 INFO MainThread DeviceManager:__init__ start
2026-05-29 23:53:14,560 DEBUG MainThread Config:reset_to_default self.config = {'preferred': '', 'pc_full_path': '', 'capture': 'adb', 'selected_exe': '', 'selected_hwnd': 0, 'interaction': ''}
2026-05-29 23:53:14,561 DEBUG MainThread Config:init self.config = {'preferred': '', 'pc_full_path': '', 'capture': 'adb', 'selected_exe': '', 'selected_hwnd': 0, 'interaction': ''}
2026-05-29 23:53:14,561 INFO MainThread DeviceManager:__init__ end
2026-05-29 23:53:14,576 DEBUG MainThread Screenshot:init Screenshot None None
2026-05-29 23:53:14,600 INFO MainThread TaskExecutor:install ocr translations error for en_US
2026-05-29 23:53:14,604 DEBUG MainThread app:resources.qt_resource_name b'\x00\x03\x00\x00x\xa3\x00q\x00s\x00s\x00\x04\x00\x06\xc4\xee\x00i\x001\x008\x00n\x00\x08\t:h\xfd\x00e\x00s\x00_\x00E\x00S\x00.\x00q\x00m\x00\x08\x0eI\xb5}\x00z\x00h\x00_\x00T\x00W\x00.\x00q\x00m\x00\x08\x05@[=\x00k\x00o\x00_\x00K\x00R\x00.\x00q\x00m\x00\x08\x0e8\x05}\x00z\x00h\x00_\x00C\x00N\x00.\x00q\x00m\x00\x08\x07?;}\x00j\x00a\x00_\x00J\x00P\x00.\x00q\x00m\x00\x04\x00\x06\xa8\x8b\x00d\x00a\x00r\x00k\x00\x05\x00r\xfd\xf4\x00l\x00i\x00g\x00h\x00t\x00\x12\x0c\xf9E\xe3\x00m\x00e\x00s\x00s\x00a\x00g\x00e\x00_\x00w\x00i\x00n\x00d\x00o\x00w\x00.\x00q\x00s\x00s\x00\x0b\x06QI\x87\x00d\x00i\x00s\x00c\x00o\x00r\x00d\x00.\x00s\x00v\x00g\x00\x0e\r\x92\xd4\xa3\x00s\x00t\x00a\x00t\x00u\x00s\x00_\x00b\x00a\x00r\x00.\x00q\x00s\x00s\x00\x08\x08\x87U\x83\x00c\x00a\x00r\x00d\x00.\x00q\x00s\x00s\x00\t\x08\x97\x87\xa7\x00h\x00e\x00a\x00r\x00t\x00.\x00s\x00v\x00g\x00\x08\x0bcU\x87\x00s\x00t\x00o\x00p\x00.\x00s\x00v\x00g\x00\x07\nuXC\x00t\x00a\x00b\x00.\x00q\x00s\x00s' cfg.themeMode
2026-05-29 23:53:14,642 INFO MainThread app:No translation available for <PySide6.QtCore.QLocale()/* English, Latin, United States */ at 0x0000013BF40D3880>, falling back to English/default.
2026-05-29 23:53:14,643 DEBUG MainThread Config:reset_to_default self.config = {'window_x': -1, 'window_y': -1, 'window_width': -1, 'window_height': -1, 'window_maximized': False, 'navigation_expanded': True, 'use_overlay': False, 'show_overlay_logs': True}
2026-05-29 23:53:14,643 DEBUG MainThread Config:init self.config = {'window_x': -1, 'window_y': -1, 'window_width': -1, 'window_height': -1, 'window_maximized': False, 'navigation_expanded': True, 'use_overlay': False, 'show_overlay_logs': True}
2026-05-29 23:53:14,644 DEBUG MainThread ok:locale name en_US
2026-05-29 23:53:14,683 DEBUG MainThread ok:init app end
2026-05-29 23:53:14,686 INFO MainThread TaskManger:Built-in task file map: 0 files
2026-05-29 23:53:14,686 INFO MainThread TaskManger:Debug file watcher initialized, watching dirs []
2026-05-29 23:53:14,686 INFO MainThread ok:do_init, end
2026-05-29 23:53:14,686 INFO MainThread ok:OK start id:1356374020928 pid:47988
2026-05-29 23:53:14,786 INFO MainThread MainWindow:main window __init__
2026-05-29 23:53:14,786 DEBUG MainThread Config:reset_to_default self.config = {'last_version': 'v0.0.0'}
2026-05-29 23:53:14,786 DEBUG MainThread Config:init self.config = {'last_version': 'v0.0.0'}
2026-05-29 23:53:15,125 DEBUG MainThread StartCard:basic_options.start/stop: F9
2026-05-29 23:53:15,181 DEBUG MainThread StartTab:update_capture
2026-05-29 23:53:15,182 DEBUG MainThread DeviceManager:calling refresh
2026-05-29 23:53:15,201 DEBUG RefreshAdb DeviceManager:do_start
2026-05-29 23:53:15,203 DEBUG RefreshAdb DeviceManager:refresh {}
2026-05-29 23:53:15,204 DEBUG MainThread Config:reset_to_default self.config = {'target_task': '', 'target_images': [], 'target_function': ''}
2026-05-29 23:53:15,205 DEBUG MainThread Config:init self.config = {'target_task': '', 'target_images': [], 'target_function': ''}
2026-05-29 23:53:15,220 ERROR MainThread ok:start error Traceback (most recent call last):
  File "E:\projects\ok-script\ok\__init__.py", line 418, in start
    self.app.show_main_window()
  File "E:\projects\ok-script\ok\__init__.py", line 196, in show_main_window
    self.do_show_main()
  File "E:\projects\ok-script\ok\__init__.py", line 201, in do_show_main
    self.main_window = MainWindow(self, self.config, self.ok_config, self.icon, self.title, self.version,
                       ^^^^^^^^^^^^^^^^^^^^^^^^^^^^^^^^^^^^^^^^^^^^^^^^^^^^^^^^^^^^^^^^^^^^^^^^^^^^^^^^^^
  File "E:\projects\ok-script\ok\gui\MainWindow.py", line 155, in __init__
    debug_tab = DebugTab(config, exit_event)
                ^^^^^^^^^^^^^^^^^^^^^^^^^^^^
  File "E:\projects\ok-script\ok\gui\debug\DebugTab.py", line 93, in __init__
    self.config['target_task'] = class_names[0]
                                 ~~~~~~~~~~~^^^
IndexError: list index out of range

2026-05-29 23:53:15,220 DEBUG MainThread handler:ExitEvent set event empty queues set() to_stops: {<ok.util.handler.Handler object at 0x0000013BF40B7200>, <ok.util.handler.Handler object at 0x0000013BF47062A0>, <ok.util.handler.Handler object at 0x0000013BF40B5F10>, <ok.util.handler.Handler object at 0x0000013BF3AA2720>, <ok.util.handler.Handler object at 0x0000013BF3FE15E0>}
2026-05-29 23:53:15,220 INFO MainThread handler:handler stop raised exception global
2026-05-29 23:53:15,220 INFO MainThread handler:handler stop raised exception StartCard
2026-05-29 23:53:15,220 INFO MainThread handler:handler stop raised exception ok.gui.StartController
2026-05-29 23:53:15,220 DEBUG global handler:handler global processing loop finished due to exit event.
2026-05-29 23:53:15,220 DEBUG StartCard handler:handler StartCard processing loop finished due to exit event.
2026-05-29 23:53:15,221 INFO MainThread handler:handler stop raised exception DebugTab
2026-05-29 23:53:15,221 DEBUG ok.gui.StartController handler:handler ok.gui.StartController processing loop finished due to exit event.
2026-05-29 23:53:15,221 INFO MainThread handler:handler stop raised exception RefreshAdb
2026-05-29 23:53:15,221 DEBUG DebugTab handler:handler DebugTab processing loop finished due to exit event.
2026-05-29 23:53:15,221 INFO MainThread ok:quit app
2026-05-29 23:53:15,222 DEBUG RefreshAdb handler:handler RefreshAdb processing loop finished due to exit event.
2026-05-29 23:53:15,222 DEBUG MainThread handler:ExitEvent set event empty queues set() to_stops: {<ok.util.handler.Handler object at 0x0000013BF40B7200>, <ok.util.handler.Handler object at 0x0000013BF47062A0>, <ok.util.handler.Handler object at 0x0000013BF40B5F10>, <ok.util.handler.Handler object at 0x0000013BF3AA2720>, <ok.util.handler.Handler object at 0x0000013BF3FE15E0>}
2026-05-29 23:53:15,222 INFO MainThread handler:handler stop raised exception global
2026-05-29 23:53:15,222 INFO MainThread handler:handler stop raised exception StartCard
2026-05-29 23:53:15,222 INFO MainThread handler:handler stop raised exception ok.gui.StartController
2026-05-29 23:53:15,222 INFO MainThread handler:handler stop raised exception DebugTab
2026-05-29 23:53:15,222 INFO MainThread handler:handler stop raised exception RefreshAdb
2026-05-29 23:53:15,222 DEBUG MainThread handler:ExitEvent set event empty queues set() to_stops: {<ok.util.handler.Handler object at 0x0000013BF40B7200>, <ok.util.handler.Handler object at 0x0000013BF47062A0>, <ok.util.handler.Handler object at 0x0000013BF40B5F10>, <ok.util.handler.Handler object at 0x0000013BF3AA2720>, <ok.util.handler.Handler object at 0x0000013BF3FE15E0>}
2026-05-29 23:53:15,222 INFO MainThread handler:handler stop raised exception global
2026-05-29 23:53:15,222 INFO MainThread handler:handler stop raised exception StartCard
2026-05-29 23:53:15,222 INFO MainThread handler:handler stop raised exception ok.gui.StartController
2026-05-29 23:53:15,222 INFO MainThread handler:handler stop raised exception DebugTab
2026-05-29 23:53:15,222 INFO MainThread handler:handler stop raised exception RefreshAdb
2026-05-29 23:56:24,207 INFO MainThread ok:ok-script init 1.0.3, ['E:\\projects\\ok-script\\ok\\gui\\util\\pyappify_startup.py'], pid=54220 config: {'debug': False, 'use_gui': True, 'gui_title': 'pyappify startup update demo', 'gui_icon': ':/icon/icon.ico', 'version': '1.0.3', 'window_size': {'width': 1000, 'height': 800, 'min_width': 600, 'min_height': 450}, 'onetime_tasks': [], 'trigger_tasks': [], 'config_folder': 'configs'}
2026-05-29 23:56:24,208 INFO MainThread ok:pyappify  app_version:1.0.3, app_profile:None, pyappify_version:None pyappify_upgradeable:False, pyappify_executable:None
2026-05-29 23:56:24,212 INFO MainThread ok:use_dml result is True
2026-05-29 23:56:24,214 INFO MainThread ok:SetProcessDpiAwareness 0
2026-05-29 23:56:24,214 INFO MainThread ok:do_init, config: {'debug': False, 'use_gui': True, 'gui_title': 'pyappify startup update demo', 'gui_icon': ':/icon/icon.ico', 'version': '1.0.3', 'window_size': {'width': 1000, 'height': 800, 'min_width': 600, 'min_height': 450}, 'onetime_tasks': [], 'trigger_tasks': [], 'config_folder': 'configs'}
2026-05-29 23:56:24,214 INFO MainThread DeviceManager:__init__ start
2026-05-29 23:56:24,218 INFO MainThread DeviceManager:__init__ end
2026-05-29 23:56:24,233 INFO MainThread TaskExecutor:install ocr translations error for en_US
2026-05-29 23:56:24,259 INFO MainThread app:No translation available for <PySide6.QtCore.QLocale()/* English, Latin, United States */ at 0x0000020AF74C3A80>, falling back to English/default.
2026-05-29 23:56:24,276 INFO MainThread ok:do_init, end
2026-05-29 23:56:24,276 INFO MainThread ok:OK start id:2245483262848 pid:54220
2026-05-29 23:56:24,376 INFO MainThread MainWindow:main window __init__
2026-05-29 23:56:24,866 ERROR MainThread ok:install translations error for en_US 
2026-05-29 23:56:24,929 INFO MainThread MainWindow:main window __init__ done
2026-05-29 23:56:24,939 INFO MainThread MainWindow:Window has fully displayed {'task': 0, 'exit': False, 'headless': False}
2026-05-29 23:56:24,939 INFO MainThread MainWindow:update success, show copyright
2026-05-29 23:56:25,033 INFO MainThread ok:app.exec()
2026-05-29 23:56:25,187 INFO MainThread MainWindow:show startup version change notice update success 1.0.2 -> 1.0.3
2026-05-29 23:56:25,945 INFO global MainWindow:Window geometry updated in ok_config {'window_x': 353, 'window_y': 133, 'window_width': 1000, 'window_height': 800, 'window_maximized': False, 'navigation_expanded': False, 'use_overlay': False, 'show_overlay_logs': True}
2026-05-29 23:59:24,936 INFO MainThread MainWindow:Window closed exit_event.is not set False
2026-05-29 23:59:24,936 INFO MainThread handler:handler stop raised exception StartCard
2026-05-29 23:59:24,936 INFO MainThread handler:handler stop raised exception RefreshAdb
2026-05-29 23:59:24,936 INFO MainThread handler:handler stop raised exception ok.gui.StartController
2026-05-29 23:59:24,937 INFO MainThread handler:handler stop raised exception global
2026-05-29 23:59:24,937 INFO MainThread TaskExecutor:Executor destroy
2026-05-29 23:59:32,252 INFO MainThread ok:ok-script init 1.0.3, ['E:\\projects\\ok-script\\ok\\gui\\util\\pyappify_startup.py'], pid=30728 config: {'debug': False, 'use_gui': True, 'gui_title': 'pyappify startup update demo', 'gui_icon': ':/icon/icon.ico', 'version': '1.0.3', 'window_size': {'width': 1000, 'height': 800, 'min_width': 600, 'min_height': 450}, 'onetime_tasks': [], 'trigger_tasks': [], 'config_folder': 'configs'}
2026-05-29 23:59:32,253 INFO MainThread ok:pyappify  app_version:1.0.3, app_profile:None, pyappify_version:None pyappify_upgradeable:False, pyappify_executable:None
2026-05-29 23:59:32,257 INFO MainThread ok:use_dml result is True
2026-05-29 23:59:32,258 INFO MainThread ok:SetProcessDpiAwareness 0
2026-05-29 23:59:32,258 INFO MainThread ok:do_init, config: {'debug': False, 'use_gui': True, 'gui_title': 'pyappify startup update demo', 'gui_icon': ':/icon/icon.ico', 'version': '1.0.3', 'window_size': {'width': 1000, 'height': 800, 'min_width': 600, 'min_height': 450}, 'onetime_tasks': [], 'trigger_tasks': [], 'config_folder': 'configs'}
2026-05-29 23:59:32,258 INFO MainThread DeviceManager:__init__ start
2026-05-29 23:59:32,261 INFO MainThread DeviceManager:__init__ end
2026-05-29 23:59:32,288 INFO MainThread TaskExecutor:install ocr translations error for en_US
2026-05-29 23:59:32,335 INFO MainThread app:No translation available for <PySide6.QtCore.QLocale()/* English, Latin, United States */ at 0x000001EE58093940>, falling back to English/default.
2026-05-29 23:59:32,354 INFO MainThread ok:do_init, end
2026-05-29 23:59:32,355 INFO MainThread ok:OK start id:2122551882624 pid:30728
2026-05-29 23:59:32,455 INFO MainThread MainWindow:main window __init__
2026-05-29 23:59:33,111 ERROR MainThread ok:install translations error for en_US 
2026-05-29 23:59:33,178 INFO MainThread MainWindow:main window __init__ done
2026-05-29 23:59:33,190 INFO MainThread MainWindow:Window has fully displayed {'task': 0, 'exit': False, 'headless': False}
2026-05-29 23:59:33,314 INFO MainThread ok:app.exec()
2026-05-29 23:59:33,435 INFO MainThread MainWindow:show startup version change notice update success 1.0.2 -> 1.0.3
2026-05-29 23:59:34,195 INFO global MainWindow:Window geometry updated in ok_config {'window_x': 353, 'window_y': 133, 'window_width': 1000, 'window_height': 800, 'window_maximized': False, 'navigation_expanded': False, 'use_overlay': False, 'show_overlay_logs': True}
2026-05-29 23:59:48,462 INFO MainThread ok:SIGINT received, quitting
2026-05-29 23:59:48,463 INFO MainThread handler:handler stop raised exception StartCard
2026-05-29 23:59:48,463 INFO MainThread handler:handler stop raised exception ok.gui.StartController
2026-05-29 23:59:48,463 INFO MainThread handler:handler stop raised exception global
2026-05-29 23:59:48,463 INFO MainThread handler:handler stop raised exception RefreshAdb
2026-05-29 23:59:48,465 INFO MainThread MainWindow:Window closed exit_event.is_set
